<?xml version="1.0" encoding="UTF-8"?>
<coverage generated="1753573813130" clover="3.2.0">
  <project timestamp="1753573813131" name="All files">
    <metrics statements="38" coveredstatements="36" conditionals="12" coveredconditionals="11" methods="8" coveredmethods="7" elements="58" coveredelements="54" complexity="0" loc="38" ncloc="38" packages="1" files="1" classes="1"/>
    <file name="server.js" path="C:\Users\jjDok\Desktop\QA\Backendd\server.js">
      <metrics statements="38" coveredstatements="36" conditionals="12" coveredconditionals="11" methods="8" coveredmethods="7"/>
      <line num="1" count="1" type="stmt"/>
      <line num="2" count="1" type="stmt"/>
      <line num="4" count="1" type="stmt"/>
      <line num="6" count="1" type="stmt"/>
      <line num="7" count="1" type="stmt"/>
      <line num="10" count="1" type="stmt"/>
      <line num="11" count="2" type="stmt"/>
      <line num="13" count="2" type="cond" truecount="4" falsecount="0"/>
      <line num="14" count="1" type="stmt"/>
      <line num="16" count="1" type="stmt"/>
      <line num="21" count="1" type="stmt"/>
      <line num="22" count="4" type="stmt"/>
      <line num="23" count="4" type="cond" truecount="2" falsecount="0"/>
      <line num="24" count="1" type="stmt"/>
      <line num="27" count="3" type="stmt"/>
      <line num="28" count="3" type="stmt"/>
      <line num="29" count="3" type="stmt"/>
      <line num="33" count="1" type="stmt"/>
      <line num="34" count="1" type="stmt"/>
      <line num="38" count="1" type="stmt"/>
      <line num="39" count="2" type="stmt"/>
      <line num="40" count="2" type="stmt"/>
      <line num="42" count="4" type="stmt"/>
      <line num="43" count="2" type="cond" truecount="2" falsecount="0"/>
      <line num="44" count="1" type="stmt"/>
      <line num="47" count="1" type="stmt"/>
      <line num="48" count="1" type="stmt"/>
      <line num="52" count="1" type="stmt"/>
      <line num="53" count="2" type="stmt"/>
      <line num="54" count="5" type="stmt"/>
      <line num="56" count="2" type="cond" truecount="2" falsecount="0"/>
      <line num="57" count="1" type="stmt"/>
      <line num="60" count="1" type="stmt"/>
      <line num="61" count="1" type="stmt"/>
      <line num="65" count="1" type="stmt"/>
      <line num="68" count="1" type="cond" truecount="1" falsecount="1"/>
      <line num="69" count="0" type="stmt"/>
      <line num="70" count="0" type="stmt"/>
    </file>
  </project>
</coverage>
