{"C:\\Users\\jjDok\\Desktop\\QA\\Backendd\\server.js": {"path":"C:\\Users\\jjDok\\Desktop\\QA\\Backendd\\server.js","statementMap":{"0":{"start":{"line":1,"column":16},"end":{"line":1,"column":34}},"1":{"start":{"line":2,"column":12},"end":{"line":2,"column":21}},"2":{"start":{"line":4,"column":0},"end":{"line":4,"column":24}},"3":{"start":{"line":6,"column":12},"end":{"line":6,"column":14}},"4":{"start":{"line":7,"column":16},"end":{"line":7,"column":17}},"5":{"start":{"line":10,"column":0},"end":{"line":18,"column":3}},"6":{"start":{"line":11,"column":33},"end":{"line":11,"column":41}},"7":{"start":{"line":13,"column":2},"end":{"line":17,"column":3}},"8":{"start":{"line":14,"column":4},"end":{"line":14,"column":58}},"9":{"start":{"line":16,"column":4},"end":{"line":16,"column":66}},"10":{"start":{"line":21,"column":0},"end":{"line":30,"column":3}},"11":{"start":{"line":22,"column":19},"end":{"line":22,"column":27}},"12":{"start":{"line":23,"column":2},"end":{"line":25,"column":3}},"13":{"start":{"line":24,"column":4},"end":{"line":24,"column":63}},"14":{"start":{"line":27,"column":18},"end":{"line":27,"column":43}},"15":{"start":{"line":28,"column":2},"end":{"line":28,"column":22}},"16":{"start":{"line":29,"column":2},"end":{"line":29,"column":32}},"17":{"start":{"line":33,"column":0},"end":{"line":35,"column":3}},"18":{"start":{"line":34,"column":2},"end":{"line":34,"column":30}},"19":{"start":{"line":38,"column":0},"end":{"line":49,"column":3}},"20":{"start":{"line":39,"column":13},"end":{"line":39,"column":36}},"21":{"start":{"line":40,"column":19},"end":{"line":40,"column":27}},"22":{"start":{"line":42,"column":15},"end":{"line":42,"column":45}},"23":{"start":{"line":42,"column":33},"end":{"line":42,"column":44}},"24":{"start":{"line":43,"column":2},"end":{"line":45,"column":3}},"25":{"start":{"line":44,"column":4},"end":{"line":44,"column":61}},"26":{"start":{"line":47,"column":2},"end":{"line":47,"column":19}},"27":{"start":{"line":48,"column":2},"end":{"line":48,"column":29}},"28":{"start":{"line":52,"column":0},"end":{"line":62,"column":3}},"29":{"start":{"line":53,"column":13},"end":{"line":53,"column":36}},"30":{"start":{"line":54,"column":16},"end":{"line":54,"column":51}},"31":{"start":{"line":54,"column":39},"end":{"line":54,"column":50}},"32":{"start":{"line":56,"column":2},"end":{"line":58,"column":3}},"33":{"start":{"line":57,"column":4},"end":{"line":57,"column":34}},"34":{"start":{"line":60,"column":2},"end":{"line":60,"column":25}},"35":{"start":{"line":61,"column":2},"end":{"line":61,"column":25}},"36":{"start":{"line":65,"column":0},"end":{"line":65,"column":21}},"37":{"start":{"line":68,"column":0},"end":{"line":72,"column":1}},"38":{"start":{"line":69,"column":2},"end":{"line":71,"column":5}},"39":{"start":{"line":70,"column":4},"end":{"line":70,"column":47}}},"fnMap":{"0":{"name":"(anonymous_0)","decl":{"start":{"line":10,"column":19},"end":{"line":10,"column":20}},"loc":{"start":{"line":10,"column":33},"end":{"line":18,"column":1}},"line":10},"1":{"name":"(anonymous_1)","decl":{"start":{"line":21,"column":19},"end":{"line":21,"column":20}},"loc":{"start":{"line":21,"column":33},"end":{"line":30,"column":1}},"line":21},"2":{"name":"(anonymous_2)","decl":{"start":{"line":33,"column":18},"end":{"line":33,"column":19}},"loc":{"start":{"line":33,"column":32},"end":{"line":35,"column":1}},"line":33},"3":{"name":"(anonymous_3)","decl":{"start":{"line":38,"column":22},"end":{"line":38,"column":23}},"loc":{"start":{"line":38,"column":36},"end":{"line":49,"column":1}},"line":38},"4":{"name":"(anonymous_4)","decl":{"start":{"line":42,"column":26},"end":{"line":42,"column":27}},"loc":{"start":{"line":42,"column":33},"end":{"line":42,"column":44}},"line":42},"5":{"name":"(anonymous_5)","decl":{"start":{"line":52,"column":25},"end":{"line":52,"column":26}},"loc":{"start":{"line":52,"column":39},"end":{"line":62,"column":1}},"line":52},"6":{"name":"(anonymous_6)","decl":{"start":{"line":54,"column":32},"end":{"line":54,"column":33}},"loc":{"start":{"line":54,"column":39},"end":{"line":54,"column":50}},"line":54},"7":{"name":"(anonymous_7)","decl":{"start":{"line":69,"column":19},"end":{"line":69,"column":20}},"loc":{"start":{"line":69,"column":25},"end":{"line":71,"column":3}},"line":69}},"branchMap":{"0":{"loc":{"start":{"line":13,"column":2},"end":{"line":17,"column":3}},"type":"if","locations":[{"start":{"line":13,"column":2},"end":{"line":17,"column":3}},{"start":{"line":15,"column":9},"end":{"line":17,"column":3}}],"line":13},"1":{"loc":{"start":{"line":13,"column":6},"end":{"line":13,"column":56}},"type":"binary-expr","locations":[{"start":{"line":13,"column":6},"end":{"line":13,"column":29}},{"start":{"line":13,"column":33},"end":{"line":13,"column":56}}],"line":13},"2":{"loc":{"start":{"line":23,"column":2},"end":{"line":25,"column":3}},"type":"if","locations":[{"start":{"line":23,"column":2},"end":{"line":25,"column":3}},{"start":{},"end":{}}],"line":23},"3":{"loc":{"start":{"line":43,"column":2},"end":{"line":45,"column":3}},"type":"if","locations":[{"start":{"line":43,"column":2},"end":{"line":45,"column":3}},{"start":{},"end":{}}],"line":43},"4":{"loc":{"start":{"line":56,"column":2},"end":{"line":58,"column":3}},"type":"if","locations":[{"start":{"line":56,"column":2},"end":{"line":58,"column":3}},{"start":{},"end":{}}],"line":56},"5":{"loc":{"start":{"line":68,"column":0},"end":{"line":72,"column":1}},"type":"if","locations":[{"start":{"line":68,"column":0},"end":{"line":72,"column":1}},{"start":{},"end":{}}],"line":68}},"s":{"0":1,"1":1,"2":1,"3":1,"4":1,"5":1,"6":2,"7":2,"8":1,"9":1,"10":1,"11":4,"12":4,"13":1,"14":3,"15":3,"16":3,"17":1,"18":1,"19":1,"20":2,"21":2,"22":2,"23":4,"24":2,"25":1,"26":1,"27":1,"28":1,"29":2,"30":2,"31":5,"32":2,"33":1,"34":1,"35":1,"36":1,"37":1,"38":0,"39":0},"f":{"0":2,"1":4,"2":1,"3":2,"4":4,"5":2,"6":5,"7":0},"b":{"0":[1,1],"1":[2,1],"2":[1,3],"3":[1,1],"4":[1,1],"5":[0,1]},"_coverageSchema":"1a1c01bbd47fc00a2c39e90264f33305004495a9","hash":"350da299379ff13bcc88d183646f2cfd2c4df5c6"}
}
