TN:
SF:server.js
FN:10,(anonymous_0)
FN:21,(anonymous_1)
FN:33,(anonymous_2)
FN:38,(anonymous_3)
FN:42,(anonymous_4)
FN:52,(anonymous_5)
FN:54,(anonymous_6)
FN:69,(anonymous_7)
FNF:8
FNH:7
FNDA:2,(anonymous_0)
FNDA:4,(anonymous_1)
FNDA:1,(anonymous_2)
FNDA:2,(anonymous_3)
FNDA:4,(anonymous_4)
FNDA:2,(anonymous_5)
FNDA:5,(anonymous_6)
FNDA:0,(anonymous_7)
DA:1,1
DA:2,1
DA:4,1
DA:6,1
DA:7,1
DA:10,1
DA:11,2
DA:13,2
DA:14,1
DA:16,1
DA:21,1
DA:22,4
DA:23,4
DA:24,1
DA:27,3
DA:28,3
DA:29,3
DA:33,1
DA:34,1
DA:38,1
DA:39,2
DA:40,2
DA:42,4
DA:43,2
DA:44,1
DA:47,1
DA:48,1
DA:52,1
DA:53,2
DA:54,5
DA:56,2
DA:57,1
DA:60,1
DA:61,1
DA:65,1
DA:68,1
DA:69,0
DA:70,0
LF:38
LH:36
BRDA:13,0,0,1
BRDA:13,0,1,1
BRDA:13,1,0,2
BRDA:13,1,1,1
BRDA:23,2,0,1
BRDA:23,2,1,3
BRDA:43,3,0,1
BRDA:43,3,1,1
BRDA:56,4,0,1
BRDA:56,4,1,1
BRDA:68,5,0,0
BRDA:68,5,1,1
BRF:12
BRH:11
end_of_record
